{
    "timestamp": "2023-05-18 20:25:03.501070",
    "git": "8a0cad5",
    "args": {
        "domain_name": "cartpole",
        "task_name": "swingup",
        "episode_length": 1000,
        "exp_name": null,
        "algorithm": "svea",
        "action_repeat": 4,
        "num_train_steps": 200000,
        "num_test_steps": 200000,
        "replay_buffer_capacity": 100000,
        "num_train_iters": 1,
        "num_seed_steps": 1000,
        "device": "cuda",
        "seed": 0,
        "image_size": 84,
        "frame_stack": 3,
        "image_pad": 4,
        "eval_freq": 1000,
        "num_eval_episodes": 10,
        "log_freq": 1000,
        "save_freq": 50000,
        "log_dir": "runs",
        "save_video": false,
        "difficulty": null,
        "dynamic": false,
        "camera_kwargs": null,
        "colour_kwargs": {
            "max_delta": 0.1,
            "step_std": 0.0,
            "disjoint_sets": "train"
        },
        "background_kwargs": null,
        "background_dataset_path": "None",
        "background_dataset_videos": "train",
        "test_difficulty": null,
        "test_dynamic": false,
        "test_camera_kwargs": null,
        "test_colour_kwargs": {
            "max_delta": 0.1,
            "step_std": 0.0,
            "disjoint_sets": "test"
        },
        "test_background_kwargs": null,
        "test_background_dataset_path": "None",
        "test_background_dataset_videos": "val",
        "discount": 0.99,
        "batch_size": 128,
        "hidden_dim": 1024,
        "hidden_depth": 2,
        "ted": true,
        "ted_coef": 1,
        "ted_lr": 0.001,
        "actor_lr": 0.001,
        "actor_beta": 0.9,
        "actor_log_std_min": -10,
        "actor_log_std_max": 2,
        "actor_update_freq": 2,
        "init_temperature": 0.1,
        "alpha_lr": 0.0001,
        "critic_lr": 0.001,
        "critic_tau": 0.01,
        "critic_target_update_freq": 2,
        "num_conv_layers": 4,
        "num_filters": 32,
        "feature_dim": 50,
        "encoder_tau": 0.01,
        "svea_alpha": 0.5,
        "svea_beta": 0.5
    }
}